<?xml version="1.0" encoding="UTF-8"?>
<testng-results ignored="0" total="1" passed="1" failed="0" skipped="0">
  <reporter-output>
  </reporter-output>
  <suite started-at="2021-09-01T22:14:51 IST" name="Default suite" finished-at="2021-09-01T22:14:59 IST" duration-ms="7745">
    <groups>
    </groups>
    <test started-at="2021-09-01T22:14:51 IST" name="Default test" finished-at="2021-09-01T22:14:59 IST" duration-ms="7745">
      <class name="MapToJsonInAPI">
        <test-method signature="addBook()[pri:0, instance:MapToJsonInAPI@4944252c]" started-at="2021-09-01T22:14:51 IST" name="addBook" finished-at="2021-09-01T22:14:59 IST" duration-ms="7679" status="PASS">
          <reporter-output>
          </reporter-output>
        </test-method> <!-- addBook -->
      </class> <!-- MapToJsonInAPI -->
    </test> <!-- Default test -->
  </suite> <!-- Default suite -->
</testng-results>
